2013-08-06 00:17:53,756 INFO  [org.eclim.eclipse.AbstractEclimApplication] Workspace: /home/timmy/workspace
2013-08-06 00:17:53,760 INFO  [org.eclim.eclipse.AbstractEclimApplication] Home: /home/timmy/.eclipse/org.eclipse.platform_3.8_155965261/plugins/org.eclim_1.7.17/
2013-08-06 00:17:53,760 INFO  [org.eclim.eclipse.AbstractEclimApplication] Starting eclim...
2013-08-06 00:17:54,995 INFO  [org.eclim.eclipse.AbstractEclimApplication] Eclim Server Started on: 127.0.0.1:9091
2013-08-06 00:17:59,998 INFO  [org.eclim.eclipse.AbstractEclimApplication] Loading plugin org.eclim
2013-08-06 00:18:00,267 INFO  [org.eclim.eclipse.AbstractEclimApplication] Loading plugin org.eclim.core
2013-08-06 00:18:01,342 INFO  [org.eclim.plugin.core.CorePlugin] Loading eclim plugins...
2013-08-06 00:18:01,343 INFO  [org.eclim.plugin.core.CorePlugin] Loading plugin org.eclim.jdt
2013-08-06 00:18:01,384 INFO  [org.eclim.plugin.core.CorePlugin] Plugins loaded.
2013-08-06 00:18:01,399 INFO  [org.eclim.eclipse.AbstractEclimApplication] Loaded plugin org.eclim.core
2013-08-06 00:19:26,204 INFO  [org.eclim.eclipse.AbstractEclimApplication] Shutting down eclim...
2013-08-06 00:19:26,247 INFO  [org.eclim.eclipse.AbstractEclimApplication] Stopping plugin org.eclim.core
2013-08-06 00:19:26,267 INFO  [org.eclim.plugin.core.CorePlugin] Stopping plugin org.eclim.jdt
2013-08-06 00:19:26,268 INFO  [org.eclim.eclipse.EclimApplicationHeadless] Stopping system bundle...
2013-08-06 00:19:26,271 INFO  [org.eclim.eclipse.EclimApplicationHeadless] Saving workspace...
2013-08-06 00:19:27,044 INFO  [org.eclim.eclipse.EclimApplicationHeadless] Workspace saved.
2013-08-06 00:19:27,048 INFO  [org.eclim.eclipse.EclimApplicationHeadless] Closing workbench...
2013-08-06 00:19:27,342 INFO  [org.eclim.eclipse.EclimApplicationHeadless] Workbench closed.
2013-08-06 00:19:27,350 INFO  [org.eclim.eclipse.AbstractEclimApplication] Clean osgi config...
2013-08-06 00:19:27,359 INFO  [org.eclim.eclipse.AbstractEclimApplication] Eclim stopped.
2013-08-06 00:22:50,747 INFO  [org.eclim.eclipse.AbstractEclimApplication] Workspace: /home/timmy/workspace
2013-08-06 00:22:50,752 INFO  [org.eclim.eclipse.AbstractEclimApplication] Home: /home/timmy/.eclipse/org.eclipse.platform_3.8_155965261/plugins/org.eclim_1.7.17/
2013-08-06 00:22:50,763 INFO  [org.eclim.eclipse.AbstractEclimApplication] Starting eclim...
2013-08-06 00:22:51,990 INFO  [org.eclim.eclipse.AbstractEclimApplication] Eclim Server Started on: 127.0.0.1:9091
2013-08-06 00:22:57,675 INFO  [org.eclim.eclipse.AbstractEclimApplication] Loading plugin org.eclim
2013-08-06 00:22:57,743 INFO  [org.eclim.eclipse.AbstractEclimApplication] Loading plugin org.eclim.core
2013-08-06 00:22:58,919 INFO  [org.eclim.plugin.core.CorePlugin] Loading eclim plugins...
2013-08-06 00:22:58,920 INFO  [org.eclim.plugin.core.CorePlugin] Loading plugin org.eclim.jdt
2013-08-06 00:22:58,971 INFO  [org.eclim.plugin.core.CorePlugin] Plugins loaded.
2013-08-06 00:22:58,978 INFO  [org.eclim.eclipse.AbstractEclimApplication] Loaded plugin org.eclim.core
2013-08-06 00:26:03,534 INFO  [org.eclim.eclipse.AbstractEclimApplication] Shutting down eclim...
2013-08-06 00:26:03,575 INFO  [org.eclim.eclipse.AbstractEclimApplication] Stopping plugin org.eclim.core
2013-08-06 00:26:03,584 INFO  [org.eclim.plugin.core.CorePlugin] Stopping plugin org.eclim.jdt
2013-08-06 00:26:03,584 INFO  [org.eclim.eclipse.EclimApplicationHeadless] Stopping system bundle...
2013-08-06 00:26:03,588 INFO  [org.eclim.eclipse.EclimApplicationHeadless] Saving workspace...
2013-08-06 00:26:04,091 INFO  [org.eclim.eclipse.EclimApplicationHeadless] Workspace saved.
2013-08-06 00:26:04,091 INFO  [org.eclim.eclipse.EclimApplicationHeadless] Closing workbench...
2013-08-06 00:26:04,783 INFO  [org.eclim.eclipse.EclimApplicationHeadless] Workbench closed.
2013-08-06 00:26:04,792 INFO  [org.eclim.eclipse.AbstractEclimApplication] Clean osgi config...
2013-08-06 00:26:04,807 INFO  [org.eclim.eclipse.AbstractEclimApplication] Eclim stopped.
